Configuration file successfully loaded

Unable to access /var/log/onedrive/
Please manually create '/var/log/onedrive/' and set appropriate permissions to allow write access
The requested client activity log will instead be located in the users home directory

Notification (dbus) server not available, disabling
Configuring Global Azure AD Endpoints
Initializing the Synchronization Engine ...
Initializing monitor ...
OneDrive monitor interval (seconds): 300
Uploading modified file myproject/mydp/examples/.ipynb_checkpoints/decorator_examples-checkpoint.py ... done.
Uploading modified file myproject/mydp/examples/decorator_examples.py ... done.
Uploading modified file myproject/mydp/mydp.ipynb ... done.
Uploading modified file myproject/mydp/.ipynb_checkpoints/mydp-checkpoint.ipynb ... done.
Uploading differences of myproject/mydp/module/nohup.out
Uploading new items of myproject/mydp/module/nohup.out
Uploading new file myproject/mydp/module/nohup.out ... done.
Uploaded file size does not match local file - upload failure - retrying
Uploading new file myproject/mydp/module/nohup.out ... done.
Uploaded file size does not match local file - upload failure - retrying
Uploading new file myproject/mydp/module/nohup.out ... done.
Uploaded file size does not match local file - upload failure - retrying
Uploading new file myproject/mydp/module/nohup.out ... done.
Uploaded file size does not match local file - upload failure - retrying
Uploading new file myproject/mydp/module/nohup.out ... done.
Uploaded file size does not match local file - upload failure - retrying
Uploading new file myproject/mydp/module/nohup.out ... done.
Uploaded file size does not match local file - upload failure - retrying
Uploading new file myproject/mydp/module/nohup.out ... done.
Uploaded file size does not match local file - upload failure - retrying
Uploading new file myproject/mydp/module/nohup.out ... done.
Uploaded file size does not match local file - upload failure - retrying
Uploading new file myproject/mydp/module/nohup.out ... done.
Uploaded file size does not match local file - upload failure - retrying
Uploading new file myproject/mydp/module/nohup.out ... done.
Uploaded file size does not match local file - upload failure - retrying
Uploading new file myproject/mydp/module/nohup.out ... done.
Uploaded file size does not match local file - upload failure - retrying
Uploading new file myproject/mydp/module/nohup.out ... done.
Uploaded file size does not match local file - upload failure - retrying
Uploading new file myproject/mydp/module/nohup.out ... done.
Uploaded file size does not match local file - upload failure - retrying
Uploading new file myproject/mydp/module/nohup.out ... done.
Uploaded file size does not match local file - upload failure - retrying
Uploading new file myproject/mydp/module/nohup.out ... done.
Uploaded file size does not match local file - upload failure - retrying
Uploading new file myproject/mydp/module/nohup.out ... done.
Uploaded file size does not match local file - upload failure - retrying
Uploading new file myproject/mydp/module/nohup.out ... done.
Uploaded file size does not match local file - upload failure - retrying
Uploading new file myproject/mydp/module/nohup.out ... done.
Uploaded file size does not match local file - upload failure - retrying
Uploading new file myproject/mydp/module/nohup.out ... done.
Uploaded file size does not match local file - upload failure - retrying
Uploading new file myproject/mydp/module/nohup.out ... done.
Uploaded file size does not match local file - upload failure - retrying
Uploading new file myproject/mydp/module/nohup.out ... done.
Uploaded file size does not match local file - upload failure - retrying
Uploading new file myproject/mydp/module/nohup.out ... done.
Uploaded file size does not match local file - upload failure - retrying
Uploading new file myproject/mydp/module/nohup.out ... done.
Uploaded file size does not match local file - upload failure - retrying
Uploading new file myproject/mydp/module/nohup.out ... done.
Uploaded file size does not match local file - upload failure - retrying
Uploading new file myproject/mydp/module/nohup.out ... done.
Uploaded file size does not match local file - upload failure - retrying
Uploading new file myproject/mydp/module/nohup.out ... done.
Uploaded file size does not match local file - upload failure - retrying
Uploading new file myproject/mydp/module/nohup.out ... done.
Uploaded file size does not match local file - upload failure - retrying
Uploading new file myproject/mydp/module/nohup.out ... done.
Uploaded file size does not match local file - upload failure - retrying
Uploading new file myproject/mydp/module/nohup.out ... done.
Uploaded file size does not match local file - upload failure - retrying
Uploading new file myproject/mydp/module/nohup.out ... done.
Uploaded file size does not match local file - upload failure - retrying
Uploading new file myproject/mydp/module/nohup.out ... done.
Uploaded file size does not match local file - upload failure - retrying
Uploading new file myproject/mydp/module/nohup.out ... done.
Uploaded file size does not match local file - upload failure - retrying
Uploading new file myproject/mydp/module/nohup.out ... done.
Uploaded file size does not match local file - upload failure - retrying
Uploading new file myproject/mydp/module/nohup.out ... done.
Uploaded file size does not match local file - upload failure - retrying
Uploading new file myproject/mydp/module/nohup.out ... done.
Uploaded file size does not match local file - upload failure - retrying
Uploading new file myproject/mydp/module/nohup.out ... done.
Uploaded file size does not match local file - upload failure - retrying
Uploading new file myproject/mydp/module/nohup.out ... done.
Uploaded file size does not match local file - upload failure - retrying
Uploading new file myproject/mydp/module/nohup.out ... done.
Uploaded file size does not match local file - upload failure - retrying
Uploading new file myproject/mydp/module/nohup.out ... done.
Uploaded file size does not match local file - upload failure - retrying
Uploading new file myproject/mydp/module/nohup.out ... done.
Uploaded file size does not match local file - upload failure - retrying
Uploading new file myproject/mydp/module/nohup.out ... done.
Uploaded file size does not match local file - upload failure - retrying
Uploading new file myproject/mydp/module/nohup.out ... done.
Uploaded file size does not match local file - upload failure - retrying
Uploading new file myproject/mydp/module/nohup.out ... done.
Uploaded file size does not match local file - upload failure - retrying
Uploading new file myproject/mydp/module/nohup.out ... done.
Uploaded file size does not match local file - upload failure - retrying
Uploading new file myproject/mydp/module/nohup.out ... done.
Uploaded file size does not match local file - upload failure - retrying
Uploading new file myproject/mydp/module/nohup.out ... done.
Uploaded file size does not match local file - upload failure - retrying
Uploading new file myproject/mydp/module/nohup.out ... done.
Uploaded file size does not match local file - upload failure - retrying
Uploading new file myproject/mydp/module/nohup.out ... done.
Uploaded file size does not match local file - upload failure - retrying
Uploading new file myproject/mydp/module/nohup.out ... done.
Uploaded file size does not match local file - upload failure - retrying
Uploading new file myproject/mydp/module/nohup.out ... done.
Uploaded file size does not match local file - upload failure - retrying
Uploading new file myproject/mydp/module/nohup.out ... done.
Uploaded file size does not match local file - upload failure - retrying
Uploading new file myproject/mydp/module/nohup.out ... done.
Uploaded file size does not match local file - upload failure - retrying
Uploading new file myproject/mydp/module/nohup.out ... done.
Uploaded file size does not match local file - upload failure - retrying
Uploading new file myproject/mydp/module/nohup.out ... done.
Uploaded file size does not match local file - upload failure - retrying
Uploading new file myproject/mydp/module/nohup.out ... done.
Uploaded file size does not match local file - upload failure - retrying
Uploading new file myproject/mydp/module/nohup.out ... done.
Uploaded file size does not match local file - upload failure - retrying
Uploading new file myproject/mydp/module/nohup.out ... done.
Uploaded file size does not match local file - upload failure - retrying
Uploading new file myproject/mydp/module/nohup.out ... done.
Uploaded file size does not match local file - upload failure - retrying
Uploading new file myproject/mydp/module/nohup.out ... done.
Uploaded file size does not match local file - upload failure - retrying
Uploading new file myproject/mydp/module/nohup.out ... done.
Uploaded file size does not match local file - upload failure - retrying
Uploading new file myproject/mydp/module/nohup.out ... done.
Uploaded file size does not match local file - upload failure - retrying
Uploading new file myproject/mydp/module/nohup.out ... done.
Uploaded file size does not match local file - upload failure - retrying
Uploading new file myproject/mydp/module/nohup.out ... done.
Uploaded file size does not match local file - upload failure - retrying
Uploading new file myproject/mydp/module/nohup.out ... done.
Uploaded file size does not match local file - upload failure - retrying
Uploading new file myproject/mydp/module/nohup.out ... done.
Uploaded file size does not match local file - upload failure - retrying
Uploading new file myproject/mydp/module/nohup.out ... done.
Uploaded file size does not match local file - upload failure - retrying
Uploading new file myproject/mydp/module/nohup.out ... done.
Uploaded file size does not match local file - upload failure - retrying
Uploading new file myproject/mydp/module/nohup.out ... done.
Uploaded file size does not match local file - upload failure - retrying
Uploading new file myproject/mydp/module/nohup.out ... done.
Uploaded file size does not match local file - upload failure - retrying
Uploading new file myproject/mydp/module/nohup.out ... done.
Uploaded file size does not match local file - upload failure - retrying
Uploading new file myproject/mydp/module/nohup.out ... done.
Uploaded file size does not match local file - upload failure - retrying
Uploading new file myproject/mydp/module/nohup.out ... done.
Uploaded file size does not match local file - upload failure - retrying
Uploading new file myproject/mydp/module/nohup.out ... done.
Uploaded file size does not match local file - upload failure - retrying
Uploading new file myproject/mydp/module/nohup.out ... done.
Uploaded file size does not match local file - upload failure - retrying
Uploading new file myproject/mydp/module/nohup.out ... done.
Uploaded file size does not match local file - upload failure - retrying
Uploading new file myproject/mydp/module/nohup.out ... done.
Uploaded file size does not match local file - upload failure - retrying
Uploading new file myproject/mydp/module/nohup.out ... done.
Uploaded file size does not match local file - upload failure - retrying
Uploading new file myproject/mydp/module/nohup.out ... done.
Uploaded file size does not match local file - upload failure - retrying
Uploading new file myproject/mydp/module/nohup.out ... done.
Uploaded file size does not match local file - upload failure - retrying
Uploading new file myproject/mydp/module/nohup.out ... done.
Uploaded file size does not match local file - upload failure - retrying
Uploading new file myproject/mydp/module/nohup.out ... done.
Uploaded file size does not match local file - upload failure - retrying
Uploading new file myproject/mydp/module/nohup.out ... done.
Uploaded file size does not match local file - upload failure - retrying
Uploading new file myproject/mydp/module/nohup.out ... done.
Uploaded file size does not match local file - upload failure - retrying
Uploading new file myproject/mydp/module/nohup.out ... done.
Uploaded file size does not match local file - upload failure - retrying
Uploading new file myproject/mydp/module/nohup.out ... done.
Uploaded file size does not match local file - upload failure - retrying
Uploading new file myproject/mydp/module/nohup.out ... done.
Uploaded file size does not match local file - upload failure - retrying
Uploading new file myproject/mydp/module/nohup.out ... done.
Uploaded file size does not match local file - upload failure - retrying
Uploading new file myproject/mydp/module/nohup.out ... done.
Uploaded file size does not match local file - upload failure - retrying
Uploading new file myproject/mydp/module/nohup.out ... done.
Uploaded file size does not match local file - upload failure - retrying
Uploading new file myproject/mydp/module/nohup.out ... done.
Uploaded file size does not match local file - upload failure - retrying
Uploading new file myproject/mydp/module/nohup.out ... done.
Uploaded file size does not match local file - upload failure - retrying
Uploading new file myproject/mydp/module/nohup.out ... done.
Uploaded file size does not match local file - upload failure - retrying
Uploading new file myproject/mydp/module/nohup.out ... done.
Uploaded file size does not match local file - upload failure - retrying
Uploading new file myproject/mydp/module/nohup.out ... done.
Uploaded file size does not match local file - upload failure - retrying
Uploading new file myproject/mydp/module/nohup.out ... done.
Uploaded file size does not match local file - upload failure - retrying
Uploading new file myproject/mydp/module/nohup.out ... done.
Uploaded file size does not match local file - upload failure - retrying
Uploading new file myproject/mydp/module/nohup.out ... done.
Uploaded file size does not match local file - upload failure - retrying
Uploading new file myproject/mydp/module/nohup.out ... done.
Uploaded file size does not match local file - upload failure - retrying
Uploading new file myproject/mydp/module/nohup.out ... done.
Uploaded file size does not match local file - upload failure - retrying
Uploading new file myproject/mydp/module/nohup.out ... done.
Uploaded file size does not match local file - upload failure - retrying
Uploading new file myproject/mydp/module/nohup.out ... done.
Uploaded file size does not match local file - upload failure - retrying
Uploading new file myproject/mydp/module/nohup.out ... done.
Uploaded file size does not match local file - upload failure - retrying
Uploading new file myproject/mydp/module/nohup.out ... done.
Uploaded file size does not match local file - upload failure - retrying
Uploading new file myproject/mydp/module/nohup.out ... done.
Uploaded file size does not match local file - upload failure - retrying
Uploading new file myproject/mydp/module/nohup.out ... done.
Uploaded file size does not match local file - upload failure - retrying
Uploading new file myproject/mydp/module/nohup.out ... done.
Uploaded file size does not match local file - upload failure - retrying
Uploading new file myproject/mydp/module/nohup.out ... done.
Uploaded file size does not match local file - upload failure - retrying
Uploading new file myproject/mydp/module/nohup.out ... done.
Uploaded file size does not match local file - upload failure - retrying
Uploading new file myproject/mydp/module/nohup.out ... done.
Uploaded file size does not match local file - upload failure - retrying
Uploading new file myproject/mydp/module/nohup.out ... done.
Uploaded file size does not match local file - upload failure - retrying
Uploading new file myproject/mydp/module/nohup.out ... done.
Uploaded file size does not match local file - upload failure - retrying
Uploading new file myproject/mydp/module/nohup.out ... done.
Uploaded file size does not match local file - upload failure - retrying
Uploading new file myproject/mydp/module/nohup.out ... done.
Uploaded file size does not match local file - upload failure - retrying
Uploading new file myproject/mydp/module/nohup.out ... done.
Uploaded file size does not match local file - upload failure - retrying
Uploading new file myproject/mydp/module/nohup.out ... done.
Uploaded file size does not match local file - upload failure - retrying
Uploading new file myproject/mydp/module/nohup.out ... done.
Uploaded file size does not match local file - upload failure - retrying
Uploading new file myproject/mydp/module/nohup.out ... done.
Uploaded file size does not match local file - upload failure - retrying
Uploading new file myproject/mydp/module/nohup.out ... done.
Uploaded file size does not match local file - upload failure - retrying
Uploading new file myproject/mydp/module/nohup.out ... done.
Uploaded file size does not match local file - upload failure - retrying
Uploading new file myproject/mydp/module/nohup.out ... done.
Uploaded file size does not match local file - upload failure - retrying
Uploading new file myproject/mydp/module/nohup.out ... done.
Uploaded file size does not match local file - upload failure - retrying
Uploading new file myproject/mydp/module/nohup.out ... done.
Uploaded file size does not match local file - upload failure - retrying
Uploading new file myproject/mydp/module/nohup.out ... done.
Uploaded file size does not match local file - upload failure - retrying
Uploading new file myproject/mydp/module/nohup.out ... done.
Uploaded file size does not match local file - upload failure - retrying
Uploading new file myproject/mydp/module/nohup.out ... done.
Uploaded file size does not match local file - upload failure - retrying
Uploading new file myproject/mydp/module/nohup.out ... done.
Uploaded file size does not match local file - upload failure - retrying
Uploading new file myproject/mydp/module/nohup.out ... done.
Uploaded file size does not match local file - upload failure - retrying
Uploading new file myproject/mydp/module/nohup.out ... done.
Uploaded file size does not match local file - upload failure - retrying
Uploading new file myproject/mydp/module/nohup.out ... done.
Uploaded file size does not match local file - upload failure - retrying
Uploading new file myproject/mydp/module/nohup.out ... done.
Uploaded file size does not match local file - upload failure - retrying
Uploading new file myproject/mydp/module/nohup.out ... done.
Uploaded file size does not match local file - upload failure - retrying
Uploading new file myproject/mydp/module/nohup.out ... done.
Uploaded file size does not match local file - upload failure - retrying
Uploading new file myproject/mydp/module/nohup.out ... done.
Uploaded file size does not match local file - upload failure - retrying
Uploading new file myproject/mydp/module/nohup.out ... done.
Uploaded file size does not match local file - upload failure - retrying
Uploading new file myproject/mydp/module/nohup.out ... done.
Uploaded file size does not match local file - upload failure - retrying
Uploading new file myproject/mydp/module/nohup.out ... done.
Uploaded file size does not match local file - upload failure - retrying
Uploading new file myproject/mydp/module/nohup.out ... done.
Uploaded file size does not match local file - upload failure - retrying
Uploading new file myproject/mydp/module/nohup.out ... done.
Uploaded file size does not match local file - upload failure - retrying
Uploading new file myproject/mydp/module/nohup.out ... done.
Uploaded file size does not match local file - upload failure - retrying
Uploading new file myproject/mydp/module/nohup.out ... done.
Uploaded file size does not match local file - upload failure - retrying
Uploading new file myproject/mydp/module/nohup.out ... done.
Uploaded file size does not match local file - upload failure - retrying
Uploading new file myproject/mydp/module/nohup.out ... done.
Uploaded file size does not match local file - upload failure - retrying
Uploading new file myproject/mydp/module/nohup.out ... done.
Uploaded file size does not match local file - upload failure - retrying
Uploading new file myproject/mydp/module/nohup.out ... done.
Uploaded file size does not match local file - upload failure - retrying
Uploading new file myproject/mydp/module/nohup.out ... done.
Uploaded file size does not match local file - upload failure - retrying
Uploading new file myproject/mydp/module/nohup.out ... done.
Uploaded file size does not match local file - upload failure - retrying
Uploading new file myproject/mydp/module/nohup.out ... done.
Uploaded file size does not match local file - upload failure - retrying
Uploading new file myproject/mydp/module/nohup.out ... done.
Uploaded file size does not match local file - upload failure - retrying
Uploading new file myproject/mydp/module/nohup.out ... done.
Uploaded file size does not match local file - upload failure - retrying
Uploading new file myproject/mydp/module/nohup.out ... done.
Uploaded file size does not match local file - upload failure - retrying
Uploading new file myproject/mydp/module/nohup.out ... done.
Uploaded file size does not match local file - upload failure - retrying
Uploading new file myproject/mydp/module/nohup.out ... done.
Uploaded file size does not match local file - upload failure - retrying
Uploading new file myproject/mydp/module/nohup.out ... done.
Uploaded file size does not match local file - upload failure - retrying
Uploading new file myproject/mydp/module/nohup.out ... done.
Uploaded file size does not match local file - upload failure - retrying
Uploading new file myproject/mydp/module/nohup.out ... done.
Uploaded file size does not match local file - upload failure - retrying
Uploading new file myproject/mydp/module/nohup.out ... done.
Uploaded file size does not match local file - upload failure - retrying
Uploading new file myproject/mydp/module/nohup.out ... done.
Uploaded file size does not match local file - upload failure - retrying
Uploading new file myproject/mydp/module/nohup.out ... done.
Uploaded file size does not match local file - upload failure - retrying
Uploading new file myproject/mydp/module/nohup.out ... done.
Uploaded file size does not match local file - upload failure - retrying
Uploading new file myproject/mydp/module/nohup.out ... done.
Uploaded file size does not match local file - upload failure - retrying
Uploading new file myproject/mydp/module/nohup.out ... done.
Uploaded file size does not match local file - upload failure - retrying
Uploading new file myproject/mydp/module/nohup.out ... done.
Uploaded file size does not match local file - upload failure - retrying
Uploading new file myproject/mydp/module/nohup.out ... done.
Uploaded file size does not match local file - upload failure - retrying
Uploading new file myproject/mydp/module/nohup.out ... done.
Uploaded file size does not match local file - upload failure - retrying
Uploading new file myproject/mydp/module/nohup.out ... done.
Uploaded file size does not match local file - upload failure - retrying
Uploading new file myproject/mydp/module/nohup.out ... done.
Uploaded file size does not match local file - upload failure - retrying
Uploading new file myproject/mydp/module/nohup.out ... done.
Uploaded file size does not match local file - upload failure - retrying
Uploading new file myproject/mydp/module/nohup.out ... done.
Uploaded file size does not match local file - upload failure - retrying
Uploading new file myproject/mydp/module/nohup.out ... done.
Uploaded file size does not match local file - upload failure - retrying
Uploading new file myproject/mydp/module/nohup.out ... done.
Uploaded file size does not match local file - upload failure - retrying
Uploading new file myproject/mydp/module/nohup.out ... done.
Uploaded file size does not match local file - upload failure - retrying
Uploading new file myproject/mydp/module/nohup.out ... done.
Uploaded file size does not match local file - upload failure - retrying
Uploading new file myproject/mydp/module/nohup.out ... done.
Uploaded file size does not match local file - upload failure - retrying
Uploading new file myproject/mydp/module/nohup.out ... done.
Uploaded file size does not match local file - upload failure - retrying
Uploading new file myproject/mydp/module/nohup.out ... done.
Uploaded file size does not match local file - upload failure - retrying
Uploading new file myproject/mydp/module/nohup.out ... done.
Uploaded file size does not match local file - upload failure - retrying
Uploading new file myproject/mydp/module/nohup.out ... done.
Uploaded file size does not match local file - upload failure - retrying
Uploading new file myproject/mydp/module/nohup.out ... done.
Uploaded file size does not match local file - upload failure - retrying
Uploading new file myproject/mydp/module/nohup.out ... done.
Uploaded file size does not match local file - upload failure - retrying
Uploading new file myproject/mydp/module/nohup.out ... done.
Uploaded file size does not match local file - upload failure - retrying
Uploading new file myproject/mydp/module/nohup.out ... done.
Uploaded file size does not match local file - upload failure - retrying
Uploading new file myproject/mydp/module/nohup.out ... done.
Uploaded file size does not match local file - upload failure - retrying
Uploading new file myproject/mydp/module/nohup.out ... done.
Uploaded file size does not match local file - upload failure - retrying
Uploading new file myproject/mydp/module/nohup.out ... done.
Uploaded file size does not match local file - upload failure - retrying
Uploading new file myproject/mydp/module/nohup.out ... done.
Uploaded file size does not match local file - upload failure - retrying
Uploading new file myproject/mydp/module/nohup.out ... done.
Uploaded file size does not match local file - upload failure - retrying
Uploading new file myproject/mydp/module/nohup.out ... done.
Uploaded file size does not match local file - upload failure - retrying
Uploading new file myproject/mydp/module/nohup.out ... done.
Uploaded file size does not match local file - upload failure - retrying
Uploading new file myproject/mydp/module/nohup.out ... done.
Uploaded file size does not match local file - upload failure - retrying
Uploading new file myproject/mydp/module/nohup.out ... done.
Uploaded file size does not match local file - upload failure - retrying
Uploading new file myproject/mydp/module/nohup.out ... done.
Uploaded file size does not match local file - upload failure - retrying
Uploading new file myproject/mydp/module/nohup.out ... done.
Uploaded file size does not match local file - upload failure - retrying
Uploading new file myproject/mydp/module/nohup.out ... done.
Uploaded file size does not match local file - upload failure - retrying
Uploading new file myproject/mydp/module/nohup.out ... done.
Uploaded file size does not match local file - upload failure - retrying
Uploading new file myproject/mydp/module/nohup.out ... done.
Uploaded file size does not match local file - upload failure - retrying
Uploading new file myproject/mydp/module/nohup.out ... done.
Uploaded file size does not match local file - upload failure - retrying
Uploading new file myproject/mydp/module/nohup.out ... done.
Uploaded file size does not match local file - upload failure - retrying
Uploading new file myproject/mydp/module/nohup.out ... done.
Uploaded file size does not match local file - upload failure - retrying
Uploading new file myproject/mydp/module/nohup.out ... done.
Uploaded file size does not match local file - upload failure - retrying
Uploading new file myproject/mydp/module/nohup.out ... done.
Uploaded file size does not match local file - upload failure - retrying
Uploading new file myproject/mydp/module/nohup.out ... done.
Uploaded file size does not match local file - upload failure - retrying
Uploading new file myproject/mydp/module/nohup.out ... done.
Uploaded file size does not match local file - upload failure - retrying
Uploading new file myproject/mydp/module/nohup.out ... done.
Uploaded file size does not match local file - upload failure - retrying
Uploading new file myproject/mydp/module/nohup.out ... done.
Uploaded file size does not match local file - upload failure - retrying
Uploading new file myproject/mydp/module/nohup.out ... done.
Uploaded file size does not match local file - upload failure - retrying
Uploading new file myproject/mydp/module/nohup.out ... done.
Uploaded file size does not match local file - upload failure - retrying
Uploading new file myproject/mydp/module/nohup.out ... done.
Uploaded file size does not match local file - upload failure - retrying
Uploading new file myproject/mydp/module/nohup.out ... done.
Uploaded file size does not match local file - upload failure - retrying
Uploading new file myproject/mydp/module/nohup.out ... done.
Uploaded file size does not match local file - upload failure - retrying
Uploading new file myproject/mydp/module/nohup.out ... done.
Uploaded file size does not match local file - upload failure - retrying
Uploading new file myproject/mydp/module/nohup.out ... done.
Uploaded file size does not match local file - upload failure - retrying
Uploading new file myproject/mydp/module/nohup.out ... done.
Uploaded file size does not match local file - upload failure - retrying
Uploading new file myproject/mydp/module/nohup.out ... done.
Uploaded file size does not match local file - upload failure - retrying
Uploading new file myproject/mydp/module/nohup.out ... done.
Uploaded file size does not match local file - upload failure - retrying
Uploading new file myproject/mydp/module/nohup.out ... done.
Uploaded file size does not match local file - upload failure - retrying
Uploading new file myproject/mydp/module/nohup.out ... done.
Uploaded file size does not match local file - upload failure - retrying
Uploading new file myproject/mydp/module/nohup.out ... done.
Uploaded file size does not match local file - upload failure - retrying
Uploading new file myproject/mydp/module/nohup.out ... done.
Uploaded file size does not match local file - upload failure - retrying
Uploading new file myproject/mydp/module/nohup.out ... done.
Uploaded file size does not match local file - upload failure - retrying
Uploading new file myproject/mydp/module/nohup.out ... done.
Uploaded file size does not match local file - upload failure - retrying
Uploading new file myproject/mydp/module/nohup.out ... done.
Uploaded file size does not match local file - upload failure - retrying
Uploading new file myproject/mydp/module/nohup.out ... done.
Uploaded file size does not match local file - upload failure - retrying
Uploading new file myproject/mydp/module/nohup.out ... done.
Uploaded file size does not match local file - upload failure - retrying
Uploading new file myproject/mydp/module/nohup.out ... done.
Uploaded file size does not match local file - upload failure - retrying
Uploading new file myproject/mydp/module/nohup.out ... done.
Uploaded file size does not match local file - upload failure - retrying
Uploading new file myproject/mydp/module/nohup.out ... done.
Uploaded file size does not match local file - upload failure - retrying
Uploading new file myproject/mydp/module/nohup.out ... done.
Uploaded file size does not match local file - upload failure - retrying
Uploading new file myproject/mydp/module/nohup.out ... done.
Uploaded file size does not match local file - upload failure - retrying
Uploading new file myproject/mydp/module/nohup.out ... done.
Uploaded file size does not match local file - upload failure - retrying
Uploading new file myproject/mydp/module/nohup.out ... done.
Uploaded file size does not match local file - upload failure - retrying
Uploading new file myproject/mydp/module/nohup.out ... done.
Uploaded file size does not match local file - upload failure - retrying
Uploading new file myproject/mydp/module/nohup.out ... done.
Uploaded file size does not match local file - upload failure - retrying
Uploading new file myproject/mydp/module/nohup.out ... done.
Uploaded file size does not match local file - upload failure - retrying
Uploading new file myproject/mydp/module/nohup.out ... done.
Uploaded file size does not match local file - upload failure - retrying
Uploading new file myproject/mydp/module/nohup.out ... done.
Uploaded file size does not match local file - upload failure - retrying
Uploading new file myproject/mydp/module/nohup.out ... done.
Uploaded file size does not match local file - upload failure - retrying
Uploading new file myproject/mydp/module/nohup.out ... done.
Uploaded file size does not match local file - upload failure - retrying
Uploading new file myproject/mydp/module/nohup.out ... done.
Uploaded file size does not match local file - upload failure - retrying
Uploading new file myproject/mydp/module/nohup.out ... done.
Uploaded file size does not match local file - upload failure - retrying
Uploading new file myproject/mydp/module/nohup.out ... done.
Uploaded file size does not match local file - upload failure - retrying
Uploading new file myproject/mydp/module/nohup.out ... done.
Uploaded file size does not match local file - upload failure - retrying
Uploading new file myproject/mydp/module/nohup.out ... done.
Uploaded file size does not match local file - upload failure - retrying
Uploading new file myproject/mydp/module/nohup.out ... done.
Uploaded file size does not match local file - upload failure - retrying
Uploading new file myproject/mydp/module/nohup.out ... done.
Uploaded file size does not match local file - upload failure - retrying
Uploading new file myproject/mydp/module/nohup.out ... done.
Uploaded file size does not match local file - upload failure - retrying
Uploading new file myproject/mydp/module/nohup.out ... done.
Uploaded file size does not match local file - upload failure - retrying
Uploading new file myproject/mydp/module/nohup.out ... done.
Uploaded file size does not match local file - upload failure - retrying
Uploading new file myproject/mydp/module/nohup.out ... done.
Uploaded file size does not match local file - upload failure - retrying
Uploading new file myproject/mydp/module/nohup.out ... done.
Uploaded file size does not match local file - upload failure - retrying
Uploading new file myproject/mydp/module/nohup.out ... done.
Uploaded file size does not match local file - upload failure - retrying
Uploading new file myproject/mydp/module/nohup.out ... done.
Uploaded file size does not match local file - upload failure - retrying
Uploading new file myproject/mydp/module/nohup.out ... done.
Uploaded file size does not match local file - upload failure - retrying
Uploading new file myproject/mydp/module/nohup.out ... done.
Uploaded file size does not match local file - upload failure - retrying
Uploading new file myproject/mydp/module/nohup.out ... done.
Uploaded file size does not match local file - upload failure - retrying
Uploading new file myproject/mydp/module/nohup.out ... done.
Uploaded file size does not match local file - upload failure - retrying
Uploading new file myproject/mydp/module/nohup.out ... done.
Uploaded file size does not match local file - upload failure - retrying
Uploading new file myproject/mydp/module/nohup.out ... done.
Uploaded file size does not match local file - upload failure - retrying
Uploading new file myproject/mydp/module/nohup.out ... done.
Uploaded file size does not match local file - upload failure - retrying
Uploading new file myproject/mydp/module/nohup.out ... done.
Uploaded file size does not match local file - upload failure - retrying
Uploading new file myproject/mydp/module/nohup.out ... done.
Uploaded file size does not match local file - upload failure - retrying
Uploading new file myproject/mydp/module/nohup.out ... done.
Uploaded file size does not match local file - upload failure - retrying
Uploading new file myproject/mydp/module/nohup.out ... done.
Uploaded file size does not match local file - upload failure - retrying
Uploading new file myproject/mydp/module/nohup.out ... done.
Uploaded file size does not match local file - upload failure - retrying
Uploading new file myproject/mydp/module/nohup.out ... done.
Uploaded file size does not match local file - upload failure - retrying
Uploading new file myproject/mydp/module/nohup.out ... done.
Uploaded file size does not match local file - upload failure - retrying
Uploading new file myproject/mydp/module/nohup.out ... done.
Uploaded file size does not match local file - upload failure - retrying
Uploading new file myproject/mydp/module/nohup.out ... done.
Uploaded file size does not match local file - upload failure - retrying
Uploading new file myproject/mydp/module/nohup.out ... done.
Uploaded file size does not match local file - upload failure - retrying
Uploading new file myproject/mydp/module/nohup.out ... done.
Uploaded file size does not match local file - upload failure - retrying
Uploading new file myproject/mydp/module/nohup.out ... done.
Uploaded file size does not match local file - upload failure - retrying
Uploading new file myproject/mydp/module/nohup.out ... done.
Uploaded file size does not match local file - upload failure - retrying
Uploading new file myproject/mydp/module/nohup.out ... done.
Uploaded file size does not match local file - upload failure - retrying
Uploading new file myproject/mydp/module/nohup.out ... done.
Uploaded file size does not match local file - upload failure - retrying
Uploading new file myproject/mydp/module/nohup.out ... done.
Uploaded file size does not match local file - upload failure - retrying
Uploading new file myproject/mydp/module/nohup.out ... done.
Uploaded file size does not match local file - upload failure - retrying
Uploading new file myproject/mydp/module/nohup.out ... done.
Uploaded file size does not match local file - upload failure - retrying
Uploading new file myproject/mydp/module/nohup.out ... done.
Uploaded file size does not match local file - upload failure - retrying
Uploading new file myproject/mydp/module/nohup.out ... done.
Uploaded file size does not match local file - upload failure - retrying
Uploading new file myproject/mydp/module/nohup.out ... done.
Uploaded file size does not match local file - upload failure - retrying
Uploading new file myproject/mydp/module/nohup.out ... done.
Uploaded file size does not match local file - upload failure - retrying
Uploading new file myproject/mydp/module/nohup.out ... done.
Uploaded file size does not match local file - upload failure - retrying
Uploading new file myproject/mydp/module/nohup.out ... done.
Uploaded file size does not match local file - upload failure - retrying
Uploading new file myproject/mydp/module/nohup.out ... done.
Uploaded file size does not match local file - upload failure - retrying
Uploading new file myproject/mydp/module/nohup.out ... done.
Uploaded file size does not match local file - upload failure - retrying
Uploading new file myproject/mydp/module/nohup.out ... done.
Uploaded file size does not match local file - upload failure - retrying
Uploading new file myproject/mydp/module/nohup.out ... done.
Uploaded file size does not match local file - upload failure - retrying
Uploading new file myproject/mydp/module/nohup.out ... done.
Uploaded file size does not match local file - upload failure - retrying
Uploading new file myproject/mydp/module/nohup.out ... done.
Uploaded file size does not match local file - upload failure - retrying
Uploading new file myproject/mydp/module/nohup.out ... done.
Uploaded file size does not match local file - upload failure - retrying
Uploading new file myproject/mydp/module/nohup.out ... done.
Uploaded file size does not match local file - upload failure - retrying
Uploading new file myproject/mydp/module/nohup.out ... done.
Uploaded file size does not match local file - upload failure - retrying
Uploading new file myproject/mydp/module/nohup.out ... done.
Uploaded file size does not match local file - upload failure - retrying
Uploading new file myproject/mydp/module/nohup.out ... done.
Uploaded file size does not match local file - upload failure - retrying
Uploading new file myproject/mydp/module/nohup.out ... done.
Uploaded file size does not match local file - upload failure - retrying
Uploading new file myproject/mydp/module/nohup.out ... done.
Uploaded file size does not match local file - upload failure - retrying
Uploading new file myproject/mydp/module/nohup.out ... done.
Uploaded file size does not match local file - upload failure - retrying
Uploading new file myproject/mydp/module/nohup.out ... done.
Uploaded file size does not match local file - upload failure - retrying
Uploading new file myproject/mydp/module/nohup.out ... done.
Uploaded file size does not match local file - upload failure - retrying
Uploading new file myproject/mydp/module/nohup.out ... done.
Uploaded file size does not match local file - upload failure - retrying
Uploading new file myproject/mydp/module/nohup.out ... done.
Uploaded file size does not match local file - upload failure - retrying
Uploading new file myproject/mydp/module/nohup.out ... done.
Uploaded file size does not match local file - upload failure - retrying
Uploading new file myproject/mydp/module/nohup.out ... done.
Uploaded file size does not match local file - upload failure - retrying
Uploading new file myproject/mydp/module/nohup.out ... done.
Uploaded file size does not match local file - upload failure - retrying
Uploading new file myproject/mydp/module/nohup.out ... done.
Uploaded file size does not match local file - upload failure - retrying
Uploading new file myproject/mydp/module/nohup.out ... done.
Uploaded file size does not match local file - upload failure - retrying
Uploading new file myproject/mydp/module/nohup.out ... done.
Uploaded file size does not match local file - upload failure - retrying
Uploading new file myproject/mydp/module/nohup.out ... done.
Uploaded file size does not match local file - upload failure - retrying
Uploading new file myproject/mydp/module/nohup.out ... done.
Uploaded file size does not match local file - upload failure - retrying
Uploading new file myproject/mydp/module/nohup.out ... done.
Uploaded file size does not match local file - upload failure - retrying
Uploading new file myproject/mydp/module/nohup.out ... done.
Uploaded file size does not match local file - upload failure - retrying
Uploading new file myproject/mydp/module/nohup.out ... done.
Uploaded file size does not match local file - upload failure - retrying
Uploading new file myproject/mydp/module/nohup.out ... done.
Uploaded file size does not match local file - upload failure - retrying
Uploading new file myproject/mydp/module/nohup.out ... done.
Uploaded file size does not match local file - upload failure - retrying
Uploading new file myproject/mydp/module/nohup.out ... done.
Uploaded file size does not match local file - upload failure - retrying
Uploading new file myproject/mydp/module/nohup.out ... done.
Uploaded file size does not match local file - upload failure - retrying
Uploading new file myproject/mydp/module/nohup.out ... done.
Uploaded file size does not match local file - upload failure - retrying
Uploading new file myproject/mydp/module/nohup.out ... done.
Uploaded file size does not match local file - upload failure - retrying
Uploading new file myproject/mydp/module/nohup.out ... done.
Uploaded file size does not match local file - upload failure - retrying
Uploading new file myproject/mydp/module/nohup.out ... done.
Uploaded file size does not match local file - upload failure - retrying
Uploading new file myproject/mydp/module/nohup.out ... done.
Uploaded file size does not match local file - upload failure - retrying
Uploading new file myproject/mydp/module/nohup.out ... done.
Uploaded file size does not match local file - upload failure - retrying
Uploading new file myproject/mydp/module/nohup.out ... done.
Uploaded file size does not match local file - upload failure - retrying
Uploading new file myproject/mydp/module/nohup.out ... done.
Uploaded file size does not match local file - upload failure - retrying
Uploading new file myproject/mydp/module/nohup.out ... done.
Uploaded file size does not match local file - upload failure - retrying
Uploading new file myproject/mydp/module/nohup.out ... done.
Uploaded file size does not match local file - upload failure - retrying
Uploading new file myproject/mydp/module/nohup.out ... done.
Uploaded file size does not match local file - upload failure - retrying
Uploading new file myproject/mydp/module/nohup.out ... done.
Uploaded file size does not match local file - upload failure - retrying
Uploading new file myproject/mydp/module/nohup.out ... done.
Uploaded file size does not match local file - upload failure - retrying
Uploading new file myproject/mydp/module/nohup.out ... done.
Uploaded file size does not match local file - upload failure - retrying
Uploading new file myproject/mydp/module/nohup.out ... done.
Uploaded file size does not match local file - upload failure - retrying
Uploading new file myproject/mydp/module/nohup.out ... done.
Uploaded file size does not match local file - upload failure - retrying
Uploading new file myproject/mydp/module/nohup.out ... done.
Uploaded file size does not match local file - upload failure - retrying
Uploading new file myproject/mydp/module/nohup.out ... done.
Uploaded file size does not match local file - upload failure - retrying
Uploading new file myproject/mydp/module/nohup.out ... done.
Uploaded file size does not match local file - upload failure - retrying
Uploading new file myproject/mydp/module/nohup.out ... done.
Uploaded file size does not match local file - upload failure - retrying
Uploading new file myproject/mydp/module/nohup.out ... done.
Uploaded file size does not match local file - upload failure - retrying
Uploading new file myproject/mydp/module/nohup.out ... done.
Uploaded file size does not match local file - upload failure - retrying
Uploading new file myproject/mydp/module/nohup.out ... done.
Uploaded file size does not match local file - upload failure - retrying
Uploading new file myproject/mydp/module/nohup.out ... done.
Uploaded file size does not match local file - upload failure - retrying
Uploading new file myproject/mydp/module/nohup.out ... done.
Uploaded file size does not match local file - upload failure - retrying
Uploading new file myproject/mydp/module/nohup.out ... done.
Uploaded file size does not match local file - upload failure - retrying
Uploading new file myproject/mydp/module/nohup.out ... done.
Uploaded file size does not match local file - upload failure - retrying
Uploading new file myproject/mydp/module/nohup.out ... done.
Uploaded file size does not match local file - upload failure - retrying
Uploading new file myproject/mydp/module/nohup.out ... done.
Uploaded file size does not match local file - upload failure - retrying
Uploading new file myproject/mydp/module/nohup.out ... done.
Uploaded file size does not match local file - upload failure - retrying
Uploading new file myproject/mydp/module/nohup.out ... done.
Uploaded file size does not match local file - upload failure - retrying

A database statement execution error occurred: database disk image is malformed

Please retry your command with --resync to fix any local database corruption issues.

